<?xml version="1.0" encoding="UTF-8"?>
<testsuite xmlns:xsi="http://www.w3.org/2001/XMLSchema-instance" xsi:noNamespaceSchemaLocation="https://maven.apache.org/surefire/maven-surefire-plugin/xsd/surefire-test-report.xsd" name="ConsoleAppTest" time="0.094" tests="3" errors="0" skipped="0" failures="0">
  <properties>
[...]
</properties>
  <testcase name="simulateCreateTaskAndExit" classname="ConsoleAppTest" time="0.061"/>
  <testcase name="simulateInvalidOption" classname="ConsoleAppTest" time="0.006"/>
  <testcase name="simulateListEmptyTasks" classname="ConsoleAppTest" time="0.006"/>
</testsuite>